[  0%] Built target std_msgs_generate_messages_py
[  0%] Built target geometry_msgs_generate_messages_py
[  0%] Built target std_msgs_generate_messages_cpp
[  0%] Built target geometry_msgs_generate_messages_cpp
[  0%] Built target _global_planner_generate_messages_check_deps_PathWithRiskMsg
[  0%] Built target std_msgs_generate_messages_eus
[  0%] Built target geometry_msgs_generate_messages_eus
[  0%] Built target std_msgs_generate_messages_lisp
[  0%] Built target geometry_msgs_generate_messages_lisp
[  0%] Built target std_msgs_generate_messages_nodejs
[  0%] Built target geometry_msgs_generate_messages_nodejs
[  0%] Built target roscpp_generate_messages_cpp
[  6%] Built target global_planner_gencfg
[  6%] Built target roscpp_generate_messages_eus
[  6%] Built target roscpp_generate_messages_lisp
[  6%] Built target roscpp_generate_messages_nodejs
[  6%] Built target roscpp_generate_messages_py
[  6%] Built target rosgraph_msgs_generate_messages_cpp
[  6%] Built target rosgraph_msgs_generate_messages_eus
[  6%] Built target rosgraph_msgs_generate_messages_lisp
[  6%] Built target rosgraph_msgs_generate_messages_nodejs
[  6%] Built target rosgraph_msgs_generate_messages_py
[  6%] Built target dynamic_reconfigure_generate_messages_eus
[  6%] Built target dynamic_reconfigure_generate_messages_cpp
[  6%] Built target dynamic_reconfigure_generate_messages_lisp
[  6%] Built target dynamic_reconfigure_generate_messages_nodejs
[  6%] Built target dynamic_reconfigure_generate_messages_py
[  6%] Built target dynamic_reconfigure_gencfg
[  6%] Built target tf_generate_messages_lisp
[  6%] Built target tf_generate_messages_cpp
[  6%] Built target tf_generate_messages_eus
[  6%] Built target tf_generate_messages_py
[  6%] Built target tf_generate_messages_nodejs
[  6%] Built target sensor_msgs_generate_messages_eus
[  6%] Built target sensor_msgs_generate_messages_cpp
[  6%] Built target sensor_msgs_generate_messages_lisp
[  6%] Built target sensor_msgs_generate_messages_py
[  6%] Built target sensor_msgs_generate_messages_nodejs
[  6%] Built target actionlib_generate_messages_cpp
[  6%] Built target actionlib_generate_messages_eus
[  6%] Built target actionlib_generate_messages_lisp
[  6%] Built target actionlib_generate_messages_nodejs
[  6%] Built target actionlib_generate_messages_py
[  6%] Built target actionlib_msgs_generate_messages_cpp
[  6%] Built target actionlib_msgs_generate_messages_eus
[  6%] Built target actionlib_msgs_generate_messages_lisp
[  6%] Built target actionlib_msgs_generate_messages_py
[  6%] Built target actionlib_msgs_generate_messages_nodejs
[  6%] Built target tf2_msgs_generate_messages_cpp
[  6%] Built target tf2_msgs_generate_messages_eus
[  6%] Built target tf2_msgs_generate_messages_lisp
[  6%] Built target tf2_msgs_generate_messages_nodejs
[  6%] Built target pcl_ros_gencfg
[  6%] Built target nodelet_generate_messages_cpp
[  6%] Built target tf2_msgs_generate_messages_py
[  6%] Built target nodelet_generate_messages_eus
[  6%] Built target nodelet_generate_messages_nodejs
[  6%] Built target nodelet_generate_messages_lisp
[  6%] Built target nodelet_generate_messages_py
[  6%] Built target bond_generate_messages_cpp
[  6%] Built target bond_generate_messages_nodejs
[  6%] Built target bond_generate_messages_eus
[  6%] Built target bond_generate_messages_py
[  6%] Built target bond_generate_messages_lisp
[  6%] Built target nodelet_topic_tools_gencfg
[  6%] Built target pcl_msgs_generate_messages_eus
[  6%] Built target pcl_msgs_generate_messages_cpp
[  6%] Built target pcl_msgs_generate_messages_lisp
[  6%] Built target pcl_msgs_generate_messages_nodejs
[  6%] Built target pcl_msgs_generate_messages_py
[  6%] Built target std_srvs_generate_messages_cpp
[  6%] Built target std_srvs_generate_messages_eus
[  6%] Built target std_srvs_generate_messages_lisp
[  6%] Built target std_srvs_generate_messages_nodejs
[  6%] Built target std_srvs_generate_messages_py
[  6%] Built target topic_tools_generate_messages_cpp
[  6%] Built target topic_tools_generate_messages_eus
[  6%] Built target topic_tools_generate_messages_lisp
[  6%] Built target topic_tools_generate_messages_nodejs
[  6%] Built target topic_tools_generate_messages_py
[  6%] Built target mavros_msgs_generate_messages_cpp
[  6%] Built target mavros_msgs_generate_messages_eus
[  6%] Built target mavros_msgs_generate_messages_lisp
[  6%] Built target mavros_msgs_generate_messages_py
[  6%] Built target mavros_msgs_generate_messages_nodejs
[  6%] Built target geographic_msgs_generate_messages_cpp
[  6%] Built target geographic_msgs_generate_messages_eus
[  6%] Built target geographic_msgs_generate_messages_lisp
[  6%] Built target geographic_msgs_generate_messages_nodejs
[  6%] Built target geographic_msgs_generate_messages_py
[  6%] Built target uuid_msgs_generate_messages_cpp
[  6%] Built target uuid_msgs_generate_messages_lisp
[  6%] Built target uuid_msgs_generate_messages_eus
[  6%] Built target uuid_msgs_generate_messages_nodejs
[  6%] Built target diagnostic_msgs_generate_messages_cpp
[  6%] Built target uuid_msgs_generate_messages_py
[  6%] Built target diagnostic_msgs_generate_messages_eus
[  6%] Built target diagnostic_msgs_generate_messages_lisp
[  6%] Built target diagnostic_msgs_generate_messages_nodejs
[  6%] Built target diagnostic_msgs_generate_messages_py
[  6%] Built target nav_msgs_generate_messages_eus
[  6%] Built target nav_msgs_generate_messages_cpp
[  6%] Built target nav_msgs_generate_messages_nodejs
[  6%] Built target nav_msgs_generate_messages_lisp
[  6%] Built target trajectory_msgs_generate_messages_cpp
[  6%] Built target nav_msgs_generate_messages_py
[  6%] Built target trajectory_msgs_generate_messages_eus
[  6%] Built target trajectory_msgs_generate_messages_lisp
[  6%] Built target trajectory_msgs_generate_messages_nodejs
[  6%] Built target trajectory_msgs_generate_messages_py
[  6%] Built target visualization_msgs_generate_messages_cpp
[  6%] Built target visualization_msgs_generate_messages_eus
[  6%] Built target visualization_msgs_generate_messages_lisp
[  6%] Built target visualization_msgs_generate_messages_nodejs
[  6%] Built target visualization_msgs_generate_messages_py
[ 13%] Built target global_planner_generate_messages_cpp
[ 26%] Built target global_planner_generate_messages_py
[ 40%] Built target global_planner_generate_messages_eus
[ 46%] Built target global_planner_generate_messages_lisp
[ 53%] Built target global_planner_generate_messages_nodejs
[ 53%] Built target global_planner_generate_messages
[ 60%] [32mBuilding CXX object CMakeFiles/global_planner.dir/src/library/node.cpp.o[0m
[ 66%] [32mBuilding CXX object CMakeFiles/global_planner.dir/src/library/cell.cpp.o[0m
[ 73%] [32mBuilding CXX object CMakeFiles/global_planner.dir/src/library/global_planner.cpp.o[0m
[ 80%] [32mBuilding CXX object CMakeFiles/global_planner.dir/src/nodes/global_planner_node.cpp.o[0m
In file included from [01m[K/home/agrobenj/catkin_ws/src/avoidance/global_planner/include/global_planner/global_planner.h:27[m[K,
                 from [01m[K/home/agrobenj/catkin_ws/src/avoidance/global_planner/src/library/global_planner.cpp:1[m[K:
[01m[K/home/agrobenj/catkin_ws/src/avoidance/global_planner/include/global_planner/search_tools.h:[m[K In function ‘[01m[Kbool global_planner::reverseSearch(GlobalPlanner*, const global_planner::Cell&)[m[K’:
[01m[K/home/agrobenj/catkin_ws/src/avoidance/global_planner/include/global_planner/search_tools.h:262:1:[m[K [01;35m[Kwarning: [m[Kno return statement in function returning non-void [[01;35m[K-Wreturn-type[m[K]
  262 | [01;35m[K}[m[K
      | [01;35m[K^[m[K
In file included from [01m[K/home/agrobenj/catkin_ws/src/avoidance/global_planner/include/global_planner/global_planner.h:27[m[K,
                 from [01m[K/home/agrobenj/catkin_ws/src/avoidance/global_planner/include/global_planner/global_planner_node.h:32[m[K,
                 from [01m[K/home/agrobenj/catkin_ws/src/avoidance/global_planner/src/nodes/global_planner_node.cpp:1[m[K:
[01m[K/home/agrobenj/catkin_ws/src/avoidance/global_planner/include/global_planner/search_tools.h:[m[K In function ‘[01m[Kbool global_planner::reverseSearch(GlobalPlanner*, const global_planner::Cell&)[m[K’:
[01m[K/home/agrobenj/catkin_ws/src/avoidance/global_planner/include/global_planner/search_tools.h:262:1:[m[K [01;35m[Kwarning: [m[Kno return statement in function returning non-void [[01;35m[K-Wreturn-type[m[K]
  262 | [01;35m[K}[m[K
      | [01;35m[K^[m[K
[ 86%] [32m[1mLinking CXX shared library /home/agrobenj/catkin_ws/devel/.private/global_planner/lib/libglobal_planner.so[0m
[ 86%] Built target global_planner
[ 93%] [32mBuilding CXX object CMakeFiles/global_planner_node.dir/src/nodes/global_planner_node_main.cpp.o[0m
In file included from [01m[K/home/agrobenj/catkin_ws/src/avoidance/global_planner/include/global_planner/global_planner.h:27[m[K,
                 from [01m[K/home/agrobenj/catkin_ws/src/avoidance/global_planner/include/global_planner/global_planner_node.h:32[m[K,
                 from [01m[K/home/agrobenj/catkin_ws/src/avoidance/global_planner/src/nodes/global_planner_node_main.cpp:1[m[K:
[01m[K/home/agrobenj/catkin_ws/src/avoidance/global_planner/include/global_planner/search_tools.h:[m[K In function ‘[01m[Kbool global_planner::reverseSearch(GlobalPlanner*, const global_planner::Cell&)[m[K’:
[01m[K/home/agrobenj/catkin_ws/src/avoidance/global_planner/include/global_planner/search_tools.h:262:1:[m[K [01;35m[Kwarning: [m[Kno return statement in function returning non-void [[01;35m[K-Wreturn-type[m[K]
  262 | [01;35m[K}[m[K
      | [01;35m[K^[m[K
[100%] [32m[1mLinking CXX executable /home/agrobenj/catkin_ws/devel/.private/global_planner/lib/global_planner/global_planner_node[0m
[100%] Built target global_planner_node
