[  0%] Built target roscpp_generate_messages_eus
[  0%] Built target roscpp_generate_messages_cpp
[  0%] Built target roscpp_generate_messages_py
[  7%] Built target local_planner_gencfg
[  7%] Built target roscpp_generate_messages_lisp
[  7%] Built target roscpp_generate_messages_nodejs
[  7%] Built target rosgraph_msgs_generate_messages_cpp
[  7%] Built target rosgraph_msgs_generate_messages_lisp
[  7%] Built target rosgraph_msgs_generate_messages_eus
[  7%] Built target rosgraph_msgs_generate_messages_nodejs
[  7%] Built target rosgraph_msgs_generate_messages_py
[  7%] Built target std_msgs_generate_messages_cpp
[  7%] Built target std_msgs_generate_messages_eus
[  7%] Built target std_msgs_generate_messages_lisp
[  7%] Built target dynamic_reconfigure_generate_messages_cpp
[  7%] Built target std_msgs_generate_messages_nodejs
[  7%] Built target std_msgs_generate_messages_py
[  7%] Built target dynamic_reconfigure_generate_messages_eus
[  7%] Built target dynamic_reconfigure_generate_messages_lisp
[  7%] Built target dynamic_reconfigure_gencfg
[  7%] Built target tf_generate_messages_cpp
[  7%] Built target dynamic_reconfigure_generate_messages_nodejs
[  7%] Built target dynamic_reconfigure_generate_messages_py
[  7%] Built target tf_generate_messages_eus
[  7%] Built target tf_generate_messages_nodejs
[  7%] Built target tf_generate_messages_lisp
[  7%] Built target tf_generate_messages_py
[  7%] Built target geometry_msgs_generate_messages_cpp
[  7%] Built target geometry_msgs_generate_messages_lisp
[  7%] Built target geometry_msgs_generate_messages_eus
[  7%] Built target geometry_msgs_generate_messages_py
[  7%] Built target geometry_msgs_generate_messages_nodejs
[  7%] Built target sensor_msgs_generate_messages_cpp
[  7%] Built target sensor_msgs_generate_messages_eus
[  7%] Built target sensor_msgs_generate_messages_nodejs
[  7%] Built target sensor_msgs_generate_messages_lisp
[  7%] Built target sensor_msgs_generate_messages_py
[  7%] Built target actionlib_generate_messages_cpp
[  7%] Built target actionlib_generate_messages_eus
[  7%] Built target actionlib_generate_messages_lisp
[  7%] Built target actionlib_generate_messages_nodejs
[  7%] Built target actionlib_generate_messages_py
[  7%] Built target actionlib_msgs_generate_messages_eus
[  7%] Built target actionlib_msgs_generate_messages_cpp
[  7%] Built target actionlib_msgs_generate_messages_lisp
[  7%] Built target actionlib_msgs_generate_messages_nodejs
[  7%] Built target actionlib_msgs_generate_messages_py
[  7%] Built target tf2_msgs_generate_messages_lisp
[  7%] Built target tf2_msgs_generate_messages_cpp
[  7%] Built target tf2_msgs_generate_messages_eus
[  7%] Built target tf2_msgs_generate_messages_nodejs
[  7%] Built target nodelet_generate_messages_cpp
[  7%] Built target pcl_ros_gencfg
[  7%] Built target nodelet_generate_messages_lisp
[  7%] Built target tf2_msgs_generate_messages_py
[  7%] Built target nodelet_generate_messages_eus
[  7%] Built target nodelet_generate_messages_nodejs
[  7%] Built target nodelet_generate_messages_py
[  7%] Built target bond_generate_messages_cpp
[  7%] Built target bond_generate_messages_lisp
[  7%] Built target bond_generate_messages_nodejs
[  7%] Built target bond_generate_messages_eus
[  7%] Built target bond_generate_messages_py
[  7%] Built target nodelet_topic_tools_gencfg
[  7%] Built target pcl_msgs_generate_messages_cpp
[  7%] Built target pcl_msgs_generate_messages_nodejs
[  7%] Built target pcl_msgs_generate_messages_lisp
[  7%] Built target pcl_msgs_generate_messages_py
[  7%] Built target pcl_msgs_generate_messages_eus
[  7%] Built target std_srvs_generate_messages_cpp
[  7%] Built target std_srvs_generate_messages_eus
[  7%] Built target std_srvs_generate_messages_lisp
[  7%] Built target std_srvs_generate_messages_nodejs
[  7%] Built target std_srvs_generate_messages_py
[  7%] Built target topic_tools_generate_messages_cpp
[  7%] Built target topic_tools_generate_messages_lisp
[  7%] Built target topic_tools_generate_messages_eus
[  7%] Built target topic_tools_generate_messages_nodejs
[  7%] Built target topic_tools_generate_messages_py
[  7%] Built target diagnostic_msgs_generate_messages_lisp
[  7%] Built target diagnostic_msgs_generate_messages_cpp
[  7%] Built target diagnostic_msgs_generate_messages_eus
[  7%] Built target diagnostic_msgs_generate_messages_nodejs
[  7%] Built target diagnostic_msgs_generate_messages_py
[  7%] Built target geographic_msgs_generate_messages_eus
[  7%] Built target geographic_msgs_generate_messages_cpp
[  7%] Built target geographic_msgs_generate_messages_lisp
[  7%] Built target geographic_msgs_generate_messages_nodejs
[  7%] Built target uuid_msgs_generate_messages_cpp
[  7%] Built target geographic_msgs_generate_messages_py
[  7%] Built target uuid_msgs_generate_messages_eus
[  7%] Built target uuid_msgs_generate_messages_lisp
[  7%] Built target uuid_msgs_generate_messages_nodejs
[  7%] Built target mavros_msgs_generate_messages_cpp
[  7%] Built target uuid_msgs_generate_messages_py
[  7%] Built target mavros_msgs_generate_messages_eus
[  7%] Built target mavros_msgs_generate_messages_lisp
[  7%] Built target mavros_msgs_generate_messages_nodejs
[  7%] Built target mavros_msgs_generate_messages_py
[  7%] Built target nav_msgs_generate_messages_lisp
[  7%] Built target nav_msgs_generate_messages_eus
[  7%] Built target nav_msgs_generate_messages_nodejs
[  7%] Built target nav_msgs_generate_messages_cpp
[  7%] Built target nav_msgs_generate_messages_py
[  7%] Built target trajectory_msgs_generate_messages_cpp
[  7%] Built target trajectory_msgs_generate_messages_eus
[  7%] Built target trajectory_msgs_generate_messages_nodejs
[  7%] Built target visualization_msgs_generate_messages_cpp
[  7%] Built target trajectory_msgs_generate_messages_lisp
[  7%] Built target visualization_msgs_generate_messages_eus
[  7%] Built target trajectory_msgs_generate_messages_py
[  7%] Built target visualization_msgs_generate_messages_py
[  7%] Built target visualization_msgs_generate_messages_nodejs
[  7%] Built target visualization_msgs_generate_messages_lisp
[ 69%] Built target local_planner
[ 76%] [32mBuilding CXX object CMakeFiles/local_planner_nodelet.dir/src/nodes/local_planner_nodelet.cpp.o[0m
[01m[K/home/agrobenj/catkin_ws/src/avoidance/local_planner/src/nodes/local_planner_nodelet.cpp:[m[K In member function ‘[01m[Kvoid avoidance::LocalPlannerNodelet::InitializeNodelet()[m[K’:
[01m[K/home/agrobenj/catkin_ws/src/avoidance/local_planner/src/nodes/local_planner_nodelet.cpp:87:42:[m[K [01;31m[Kerror: [m[K‘[01m[Kobst_free_path[m[K’ was not declared in this scope
   87 |   mavros_obstacle_free_path_pub_.publish([01;31m[Kobst_free_path[m[K);
      |                                          [01;31m[K^~~~~~~~~~~~~~[m[K
make[2]: *** [CMakeFiles/local_planner_nodelet.dir/build.make:76: CMakeFiles/local_planner_nodelet.dir/src/nodes/local_planner_nodelet.cpp.o] Error 1
make[1]: *** [CMakeFiles/Makefile2:3616: CMakeFiles/local_planner_nodelet.dir/all] Error 2
make: *** [Makefile:146: all] Error 2
