Performing C SOURCE FILE Test CMAKE_HAVE_LIBC_PTHREAD failed with the following output:
Change Dir: /home/agrobenj/catkin_ws/build/safe_landing_planner/CMakeFiles/CMakeScratch/TryCompile-MVeTiJ

Run Build Command(s):/usr/bin/make -f Makefile cmTC_eafef/fast && /usr/bin/make  -f CMakeFiles/cmTC_eafef.dir/build.make CMakeFiles/cmTC_eafef.dir/build
make[1]: Entering directory '/home/agrobenj/catkin_ws/build/safe_landing_planner/CMakeFiles/CMakeScratch/TryCompile-MVeTiJ'
Building C object CMakeFiles/cmTC_eafef.dir/src.c.o
/usr/bin/cc -DCMAKE_HAVE_LIBC_PTHREAD   -o CMakeFiles/cmTC_eafef.dir/src.c.o -c /home/agrobenj/catkin_ws/build/safe_landing_planner/CMakeFiles/CMakeScratch/TryCompile-MVeTiJ/src.c
Linking C executable cmTC_eafef
/usr/bin/cmake -E cmake_link_script CMakeFiles/cmTC_eafef.dir/link.txt --verbose=1
/usr/bin/cc -rdynamic CMakeFiles/cmTC_eafef.dir/src.c.o -o cmTC_eafef 
/usr/bin/ld: CMakeFiles/cmTC_eafef.dir/src.c.o: in function `main':
src.c:(.text+0x46): undefined reference to `pthread_create'
/usr/bin/ld: src.c:(.text+0x52): undefined reference to `pthread_detach'
/usr/bin/ld: src.c:(.text+0x5e): undefined reference to `pthread_cancel'
/usr/bin/ld: src.c:(.text+0x6f): undefined reference to `pthread_join'
collect2: error: ld returned 1 exit status
make[1]: *** [CMakeFiles/cmTC_eafef.dir/build.make:99: cmTC_eafef] Error 1
make[1]: Leaving directory '/home/agrobenj/catkin_ws/build/safe_landing_planner/CMakeFiles/CMakeScratch/TryCompile-MVeTiJ'
make: *** [Makefile:127: cmTC_eafef/fast] Error 2


Source file was:
#include <pthread.h>

static void* test_func(void* data)
{
  return data;
}

int main(void)
{
  pthread_t thread;
  pthread_create(&thread, NULL, test_func, NULL);
  pthread_detach(thread);
  pthread_cancel(thread);
  pthread_join(thread, NULL);
  pthread_atfork(NULL, NULL, NULL);
  pthread_exit(NULL);

  return 0;
}


Determining if the function pthread_create exists in the pthreads failed with the following output:
Change Dir: /home/agrobenj/catkin_ws/build/safe_landing_planner/CMakeFiles/CMakeScratch/TryCompile-kjpMhH

Run Build Command(s):/usr/bin/make -f Makefile cmTC_abad2/fast && /usr/bin/make  -f CMakeFiles/cmTC_abad2.dir/build.make CMakeFiles/cmTC_abad2.dir/build
make[1]: Entering directory '/home/agrobenj/catkin_ws/build/safe_landing_planner/CMakeFiles/CMakeScratch/TryCompile-kjpMhH'
Building C object CMakeFiles/cmTC_abad2.dir/CheckFunctionExists.c.o
/usr/bin/cc   -DCHECK_FUNCTION_EXISTS=pthread_create -o CMakeFiles/cmTC_abad2.dir/CheckFunctionExists.c.o -c /home/agrobenj/catkin_ws/build/safe_landing_planner/CMakeFiles/CMakeScratch/TryCompile-kjpMhH/CheckFunctionExists.c
Linking C executable cmTC_abad2
/usr/bin/cmake -E cmake_link_script CMakeFiles/cmTC_abad2.dir/link.txt --verbose=1
/usr/bin/cc  -DCHECK_FUNCTION_EXISTS=pthread_create -rdynamic CMakeFiles/cmTC_abad2.dir/CheckFunctionExists.c.o -o cmTC_abad2  -lpthreads 
/usr/bin/ld: cannot find -lpthreads
collect2: error: ld returned 1 exit status
make[1]: *** [CMakeFiles/cmTC_abad2.dir/build.make:99: cmTC_abad2] Error 1
make[1]: Leaving directory '/home/agrobenj/catkin_ws/build/safe_landing_planner/CMakeFiles/CMakeScratch/TryCompile-kjpMhH'
make: *** [Makefile:127: cmTC_abad2/fast] Error 2



