Linked: (/home/agrobenj/catkin_ws/devel/.private/safe_landing_planner/lib/libsafe_landing_planner.so, /home/agrobenj/catkin_ws/devel/lib/libsafe_landing_planner.so)
Linked: (/home/agrobenj/catkin_ws/devel/.private/safe_landing_planner/lib/python3/dist-packages/safe_landing_planner/__init__.py, /home/agrobenj/catkin_ws/devel/lib/python3/dist-packages/safe_landing_planner/__init__.py)
Linked: (/home/agrobenj/catkin_ws/devel/.private/safe_landing_planner/lib/python3/dist-packages/safe_landing_planner/msg/_SLPGridMsg.py, /home/agrobenj/catkin_ws/devel/lib/python3/dist-packages/safe_landing_planner/msg/_SLPGridMsg.py)
Linked: (/home/agrobenj/catkin_ws/devel/.private/safe_landing_planner/lib/python3/dist-packages/safe_landing_planner/msg/__init__.py, /home/agrobenj/catkin_ws/devel/lib/python3/dist-packages/safe_landing_planner/msg/__init__.py)
Linked: (/home/agrobenj/catkin_ws/devel/.private/safe_landing_planner/lib/python3/dist-packages/safe_landing_planner/cfg/__init__.py, /home/agrobenj/catkin_ws/devel/lib/python3/dist-packages/safe_landing_planner/cfg/__init__.py)
Linked: (/home/agrobenj/catkin_ws/devel/.private/safe_landing_planner/lib/python3/dist-packages/safe_landing_planner/cfg/WaypointGeneratorNodeConfig.py, /home/agrobenj/catkin_ws/devel/lib/python3/dist-packages/safe_landing_planner/cfg/WaypointGeneratorNodeConfig.py)
Linked: (/home/agrobenj/catkin_ws/devel/.private/safe_landing_planner/lib/python3/dist-packages/safe_landing_planner/cfg/SafeLandingPlannerNodeConfig.py, /home/agrobenj/catkin_ws/devel/lib/python3/dist-packages/safe_landing_planner/cfg/SafeLandingPlannerNodeConfig.py)
Linked: (/home/agrobenj/catkin_ws/devel/.private/safe_landing_planner/lib/pkgconfig/safe_landing_planner.pc, /home/agrobenj/catkin_ws/devel/lib/pkgconfig/safe_landing_planner.pc)
Linked: (/home/agrobenj/catkin_ws/devel/.private/safe_landing_planner/lib/safe_landing_planner/waypoint_generator_node, /home/agrobenj/catkin_ws/devel/lib/safe_landing_planner/waypoint_generator_node)
Linked: (/home/agrobenj/catkin_ws/devel/.private/safe_landing_planner/lib/safe_landing_planner/safe_landing_planner_node, /home/agrobenj/catkin_ws/devel/lib/safe_landing_planner/safe_landing_planner_node)
Linked: (/home/agrobenj/catkin_ws/devel/.private/safe_landing_planner/include/safe_landing_planner/SLPGridMsg.h, /home/agrobenj/catkin_ws/devel/include/safe_landing_planner/SLPGridMsg.h)
Linked: (/home/agrobenj/catkin_ws/devel/.private/safe_landing_planner/include/safe_landing_planner/SafeLandingPlannerNodeConfig.h, /home/agrobenj/catkin_ws/devel/include/safe_landing_planner/SafeLandingPlannerNodeConfig.h)
Linked: (/home/agrobenj/catkin_ws/devel/.private/safe_landing_planner/include/safe_landing_planner/WaypointGeneratorNodeConfig.h, /home/agrobenj/catkin_ws/devel/include/safe_landing_planner/WaypointGeneratorNodeConfig.h)
Linked: (/home/agrobenj/catkin_ws/devel/.private/safe_landing_planner/share/gennodejs/ros/safe_landing_planner/_index.js, /home/agrobenj/catkin_ws/devel/share/gennodejs/ros/safe_landing_planner/_index.js)
Linked: (/home/agrobenj/catkin_ws/devel/.private/safe_landing_planner/share/gennodejs/ros/safe_landing_planner/msg/_index.js, /home/agrobenj/catkin_ws/devel/share/gennodejs/ros/safe_landing_planner/msg/_index.js)
Linked: (/home/agrobenj/catkin_ws/devel/.private/safe_landing_planner/share/gennodejs/ros/safe_landing_planner/msg/SLPGridMsg.js, /home/agrobenj/catkin_ws/devel/share/gennodejs/ros/safe_landing_planner/msg/SLPGridMsg.js)
Linked: (/home/agrobenj/catkin_ws/devel/.private/safe_landing_planner/share/common-lisp/ros/safe_landing_planner/msg/_package_SLPGridMsg.lisp, /home/agrobenj/catkin_ws/devel/share/common-lisp/ros/safe_landing_planner/msg/_package_SLPGridMsg.lisp)
Linked: (/home/agrobenj/catkin_ws/devel/.private/safe_landing_planner/share/common-lisp/ros/safe_landing_planner/msg/safe_landing_planner-msg.asd, /home/agrobenj/catkin_ws/devel/share/common-lisp/ros/safe_landing_planner/msg/safe_landing_planner-msg.asd)
Linked: (/home/agrobenj/catkin_ws/devel/.private/safe_landing_planner/share/common-lisp/ros/safe_landing_planner/msg/_package.lisp, /home/agrobenj/catkin_ws/devel/share/common-lisp/ros/safe_landing_planner/msg/_package.lisp)
Linked: (/home/agrobenj/catkin_ws/devel/.private/safe_landing_planner/share/common-lisp/ros/safe_landing_planner/msg/SLPGridMsg.lisp, /home/agrobenj/catkin_ws/devel/share/common-lisp/ros/safe_landing_planner/msg/SLPGridMsg.lisp)
Linked: (/home/agrobenj/catkin_ws/devel/.private/safe_landing_planner/share/roseus/ros/safe_landing_planner/manifest.l, /home/agrobenj/catkin_ws/devel/share/roseus/ros/safe_landing_planner/manifest.l)
Linked: (/home/agrobenj/catkin_ws/devel/.private/safe_landing_planner/share/roseus/ros/safe_landing_planner/msg/SLPGridMsg.l, /home/agrobenj/catkin_ws/devel/share/roseus/ros/safe_landing_planner/msg/SLPGridMsg.l)
Linked: (/home/agrobenj/catkin_ws/devel/.private/safe_landing_planner/share/safe_landing_planner/docs/WaypointGeneratorNodeConfig.wikidoc, /home/agrobenj/catkin_ws/devel/share/safe_landing_planner/docs/WaypointGeneratorNodeConfig.wikidoc)
Linked: (/home/agrobenj/catkin_ws/devel/.private/safe_landing_planner/share/safe_landing_planner/docs/SafeLandingPlannerNodeConfig.dox, /home/agrobenj/catkin_ws/devel/share/safe_landing_planner/docs/SafeLandingPlannerNodeConfig.dox)
Linked: (/home/agrobenj/catkin_ws/devel/.private/safe_landing_planner/share/safe_landing_planner/docs/WaypointGeneratorNodeConfig-usage.dox, /home/agrobenj/catkin_ws/devel/share/safe_landing_planner/docs/WaypointGeneratorNodeConfig-usage.dox)
Linked: (/home/agrobenj/catkin_ws/devel/.private/safe_landing_planner/share/safe_landing_planner/docs/SafeLandingPlannerNodeConfig-usage.dox, /home/agrobenj/catkin_ws/devel/share/safe_landing_planner/docs/SafeLandingPlannerNodeConfig-usage.dox)
Linked: (/home/agrobenj/catkin_ws/devel/.private/safe_landing_planner/share/safe_landing_planner/docs/SafeLandingPlannerNodeConfig.wikidoc, /home/agrobenj/catkin_ws/devel/share/safe_landing_planner/docs/SafeLandingPlannerNodeConfig.wikidoc)
Linked: (/home/agrobenj/catkin_ws/devel/.private/safe_landing_planner/share/safe_landing_planner/docs/WaypointGeneratorNodeConfig.dox, /home/agrobenj/catkin_ws/devel/share/safe_landing_planner/docs/WaypointGeneratorNodeConfig.dox)
Linked: (/home/agrobenj/catkin_ws/devel/.private/safe_landing_planner/share/safe_landing_planner/cmake/safe_landing_plannerConfig-version.cmake, /home/agrobenj/catkin_ws/devel/share/safe_landing_planner/cmake/safe_landing_plannerConfig-version.cmake)
Linked: (/home/agrobenj/catkin_ws/devel/.private/safe_landing_planner/share/safe_landing_planner/cmake/safe_landing_planner-msg-extras.cmake, /home/agrobenj/catkin_ws/devel/share/safe_landing_planner/cmake/safe_landing_planner-msg-extras.cmake)
Linked: (/home/agrobenj/catkin_ws/devel/.private/safe_landing_planner/share/safe_landing_planner/cmake/safe_landing_planner-msg-paths.cmake, /home/agrobenj/catkin_ws/devel/share/safe_landing_planner/cmake/safe_landing_planner-msg-paths.cmake)
Linked: (/home/agrobenj/catkin_ws/devel/.private/safe_landing_planner/share/safe_landing_planner/cmake/safe_landing_plannerConfig.cmake, /home/agrobenj/catkin_ws/devel/share/safe_landing_planner/cmake/safe_landing_plannerConfig.cmake)
