Performing C SOURCE FILE Test CMAKE_HAVE_LIBC_PTHREAD failed with the following output:
Change Dir: /home/agrobenj/catkin_ws/build/offboard_py/CMakeFiles/CMakeScratch/TryCompile-eOJxeG

Run Build Command(s):/usr/bin/make -f Makefile cmTC_9fc38/fast && /usr/bin/make  -f CMakeFiles/cmTC_9fc38.dir/build.make CMakeFiles/cmTC_9fc38.dir/build
make[1]: Entering directory '/home/agrobenj/catkin_ws/build/offboard_py/CMakeFiles/CMakeScratch/TryCompile-eOJxeG'
Building C object CMakeFiles/cmTC_9fc38.dir/src.c.o
/usr/bin/cc -DCMAKE_HAVE_LIBC_PTHREAD   -o CMakeFiles/cmTC_9fc38.dir/src.c.o -c /home/agrobenj/catkin_ws/build/offboard_py/CMakeFiles/CMakeScratch/TryCompile-eOJxeG/src.c
Linking C executable cmTC_9fc38
/usr/bin/cmake -E cmake_link_script CMakeFiles/cmTC_9fc38.dir/link.txt --verbose=1
/usr/bin/cc -rdynamic CMakeFiles/cmTC_9fc38.dir/src.c.o -o cmTC_9fc38 
/usr/bin/ld: CMakeFiles/cmTC_9fc38.dir/src.c.o: in function `main':
src.c:(.text+0x46): undefined reference to `pthread_create'
/usr/bin/ld: src.c:(.text+0x52): undefined reference to `pthread_detach'
/usr/bin/ld: src.c:(.text+0x5e): undefined reference to `pthread_cancel'
/usr/bin/ld: src.c:(.text+0x6f): undefined reference to `pthread_join'
collect2: error: ld returned 1 exit status
make[1]: *** [CMakeFiles/cmTC_9fc38.dir/build.make:99: cmTC_9fc38] Error 1
make[1]: Leaving directory '/home/agrobenj/catkin_ws/build/offboard_py/CMakeFiles/CMakeScratch/TryCompile-eOJxeG'
make: *** [Makefile:127: cmTC_9fc38/fast] Error 2


Source file was:
#include <pthread.h>

static void* test_func(void* data)
{
  return data;
}

int main(void)
{
  pthread_t thread;
  pthread_create(&thread, NULL, test_func, NULL);
  pthread_detach(thread);
  pthread_cancel(thread);
  pthread_join(thread, NULL);
  pthread_atfork(NULL, NULL, NULL);
  pthread_exit(NULL);

  return 0;
}


Determining if the function pthread_create exists in the pthreads failed with the following output:
Change Dir: /home/agrobenj/catkin_ws/build/offboard_py/CMakeFiles/CMakeScratch/TryCompile-QMgwyH

Run Build Command(s):/usr/bin/make -f Makefile cmTC_dd0b6/fast && /usr/bin/make  -f CMakeFiles/cmTC_dd0b6.dir/build.make CMakeFiles/cmTC_dd0b6.dir/build
make[1]: Entering directory '/home/agrobenj/catkin_ws/build/offboard_py/CMakeFiles/CMakeScratch/TryCompile-QMgwyH'
Building C object CMakeFiles/cmTC_dd0b6.dir/CheckFunctionExists.c.o
/usr/bin/cc   -DCHECK_FUNCTION_EXISTS=pthread_create -o CMakeFiles/cmTC_dd0b6.dir/CheckFunctionExists.c.o -c /home/agrobenj/catkin_ws/build/offboard_py/CMakeFiles/CMakeScratch/TryCompile-QMgwyH/CheckFunctionExists.c
Linking C executable cmTC_dd0b6
/usr/bin/cmake -E cmake_link_script CMakeFiles/cmTC_dd0b6.dir/link.txt --verbose=1
/usr/bin/cc  -DCHECK_FUNCTION_EXISTS=pthread_create -rdynamic CMakeFiles/cmTC_dd0b6.dir/CheckFunctionExists.c.o -o cmTC_dd0b6  -lpthreads 
/usr/bin/ld: cannot find -lpthreads
collect2: error: ld returned 1 exit status
make[1]: *** [CMakeFiles/cmTC_dd0b6.dir/build.make:99: cmTC_dd0b6] Error 1
make[1]: Leaving directory '/home/agrobenj/catkin_ws/build/offboard_py/CMakeFiles/CMakeScratch/TryCompile-QMgwyH'
make: *** [Makefile:127: cmTC_dd0b6/fast] Error 2



