Performing C SOURCE FILE Test CMAKE_HAVE_LIBC_PTHREAD failed with the following output:
Change Dir: /home/agrobenj/catkin_ws/build/global_planner/CMakeFiles/CMakeScratch/TryCompile-skXAVn

Run Build Command(s):/usr/bin/make -f Makefile cmTC_a474b/fast && /usr/bin/make  -f CMakeFiles/cmTC_a474b.dir/build.make CMakeFiles/cmTC_a474b.dir/build
make[1]: Entering directory '/home/agrobenj/catkin_ws/build/global_planner/CMakeFiles/CMakeScratch/TryCompile-skXAVn'
Building C object CMakeFiles/cmTC_a474b.dir/src.c.o
/usr/bin/cc -DCMAKE_HAVE_LIBC_PTHREAD   -o CMakeFiles/cmTC_a474b.dir/src.c.o -c /home/agrobenj/catkin_ws/build/global_planner/CMakeFiles/CMakeScratch/TryCompile-skXAVn/src.c
Linking C executable cmTC_a474b
/usr/bin/cmake -E cmake_link_script CMakeFiles/cmTC_a474b.dir/link.txt --verbose=1
/usr/bin/cc -rdynamic CMakeFiles/cmTC_a474b.dir/src.c.o -o cmTC_a474b 
/usr/bin/ld: CMakeFiles/cmTC_a474b.dir/src.c.o: in function `main':
src.c:(.text+0x46): undefined reference to `pthread_create'
/usr/bin/ld: src.c:(.text+0x52): undefined reference to `pthread_detach'
/usr/bin/ld: src.c:(.text+0x5e): undefined reference to `pthread_cancel'
/usr/bin/ld: src.c:(.text+0x6f): undefined reference to `pthread_join'
collect2: error: ld returned 1 exit status
make[1]: *** [CMakeFiles/cmTC_a474b.dir/build.make:99: cmTC_a474b] Error 1
make[1]: Leaving directory '/home/agrobenj/catkin_ws/build/global_planner/CMakeFiles/CMakeScratch/TryCompile-skXAVn'
make: *** [Makefile:127: cmTC_a474b/fast] Error 2


Source file was:
#include <pthread.h>

static void* test_func(void* data)
{
  return data;
}

int main(void)
{
  pthread_t thread;
  pthread_create(&thread, NULL, test_func, NULL);
  pthread_detach(thread);
  pthread_cancel(thread);
  pthread_join(thread, NULL);
  pthread_atfork(NULL, NULL, NULL);
  pthread_exit(NULL);

  return 0;
}


Determining if the function pthread_create exists in the pthreads failed with the following output:
Change Dir: /home/agrobenj/catkin_ws/build/global_planner/CMakeFiles/CMakeScratch/TryCompile-wszuPp

Run Build Command(s):/usr/bin/make -f Makefile cmTC_8f121/fast && /usr/bin/make  -f CMakeFiles/cmTC_8f121.dir/build.make CMakeFiles/cmTC_8f121.dir/build
make[1]: Entering directory '/home/agrobenj/catkin_ws/build/global_planner/CMakeFiles/CMakeScratch/TryCompile-wszuPp'
Building C object CMakeFiles/cmTC_8f121.dir/CheckFunctionExists.c.o
/usr/bin/cc   -DCHECK_FUNCTION_EXISTS=pthread_create -o CMakeFiles/cmTC_8f121.dir/CheckFunctionExists.c.o -c /home/agrobenj/catkin_ws/build/global_planner/CMakeFiles/CMakeScratch/TryCompile-wszuPp/CheckFunctionExists.c
Linking C executable cmTC_8f121
/usr/bin/cmake -E cmake_link_script CMakeFiles/cmTC_8f121.dir/link.txt --verbose=1
/usr/bin/cc  -DCHECK_FUNCTION_EXISTS=pthread_create -rdynamic CMakeFiles/cmTC_8f121.dir/CheckFunctionExists.c.o -o cmTC_8f121  -lpthreads 
/usr/bin/ld: cannot find -lpthreads
collect2: error: ld returned 1 exit status
make[1]: *** [CMakeFiles/cmTC_8f121.dir/build.make:99: cmTC_8f121] Error 1
make[1]: Leaving directory '/home/agrobenj/catkin_ws/build/global_planner/CMakeFiles/CMakeScratch/TryCompile-wszuPp'
make: *** [Makefile:127: cmTC_8f121/fast] Error 2



